Using pre-set license
Built from '2021.3/staging' branch; Version is '2021.3.6f1 (7da38d85baf6) revision 8233869'; Using compiler version '192829333'; Build Type 'Release'
OS: 'Windows 10  (10.0.19045) 64bit Professional' Language: 'en' Physical Memory: 12283 MB
BatchMode: 1, IsHumanControllingUs: 0, StartBugReporterOnCrash: 0, Is64bit: 1, IsPro: 1

COMMAND LINE ARGUMENTS:
C:\Program Files\Unity\Hub\Editor\2021.3.6f1\Editor\Unity.exe
-adb2
-batchMode
-noUpm
-name
AssetImportWorker2
-projectPath
C:/virtual_reality_pr/ur6_axis/del/del
-logFile
Logs/AssetImportWorker2.log
-srvPort
13992
Successfully changed project path to: C:/virtual_reality_pr/ur6_axis/del/del
C:/virtual_reality_pr/ur6_axis/del/del
[UnityMemory] Configuration Parameters - Can be set up in boot.config
    "memorysetup-bucket-allocator-granularity=16"
    "memorysetup-bucket-allocator-bucket-count=8"
    "memorysetup-bucket-allocator-block-size=33554432"
    "memorysetup-bucket-allocator-block-count=8"
    "memorysetup-main-allocator-block-size=16777216"
    "memorysetup-thread-allocator-block-size=16777216"
    "memorysetup-gfx-main-allocator-block-size=16777216"
    "memorysetup-gfx-thread-allocator-block-size=16777216"
    "memorysetup-cache-allocator-block-size=4194304"
    "memorysetup-typetree-allocator-block-size=2097152"
    "memorysetup-profiler-bucket-allocator-granularity=16"
    "memorysetup-profiler-bucket-allocator-bucket-count=8"
    "memorysetup-profiler-bucket-allocator-block-size=33554432"
    "memorysetup-profiler-bucket-allocator-block-count=8"
    "memorysetup-profiler-allocator-block-size=16777216"
    "memorysetup-profiler-editor-allocator-block-size=1048576"
    "memorysetup-temp-allocator-size-main=16777216"
    "memorysetup-job-temp-allocator-block-size=2097152"
    "memorysetup-job-temp-allocator-block-size-background=1048576"
    "memorysetup-job-temp-allocator-reduction-small-platforms=262144"
    "memorysetup-temp-allocator-size-background-worker=32768"
    "memorysetup-temp-allocator-size-job-worker=262144"
    "memorysetup-temp-allocator-size-preload-manager=33554432"
    "memorysetup-temp-allocator-size-nav-mesh-worker=65536"
    "memorysetup-temp-allocator-size-audio-worker=65536"
    "memorysetup-temp-allocator-size-cloud-worker=32768"
    "memorysetup-temp-allocator-size-gi-baking-worker=262144"
    "memorysetup-temp-allocator-size-gfx=262144"
Refreshing native plugins compatible for Editor in 841.39 ms, found 3 plugins.
Preloading 0 native plugins for Editor in 0.00 ms.
Initialize engine version: 2021.3.6f1 (7da38d85baf6)
[Subsystems] Discovering subsystems at path C:/Program Files/Unity/Hub/Editor/2021.3.6f1/Editor/Data/Resources/UnitySubsystems
[Subsystems] Discovering subsystems at path C:/virtual_reality_pr/ur6_axis/del/del/Assets
GfxDevice: creating device client; threaded=0; jobified=0
Direct3D:
    Version:  Direct3D 11.0 [level 11.0]
    Renderer: NVIDIA GeForce GT 720 (ID=0x1288)
    Vendor:   NVIDIA
    VRAM:     2007 MB
    Driver:   27.21.14.5785
Initialize mono
Mono path[0] = 'C:/Program Files/Unity/Hub/Editor/2021.3.6f1/Editor/Data/Managed'
Mono path[1] = 'C:/Program Files/Unity/Hub/Editor/2021.3.6f1/Editor/Data/MonoBleedingEdge/lib/mono/unityjit-win32'
Mono config path = 'C:/Program Files/Unity/Hub/Editor/2021.3.6f1/Editor/Data/MonoBleedingEdge/etc'
Using monoOptions --debugger-agent=transport=dt_socket,embedding=1,server=y,suspend=n,address=127.0.0.1:56888
Begin MonoManager ReloadAssembly
Registering precompiled unity dll's ...
Register platform support module: C:/Program Files/Unity/Hub/Editor/2021.3.6f1/Editor/Data/PlaybackEngines/WebGLSupport/UnityEditor.WebGL.Extensions.dll
Register platform support module: C:/Program Files/Unity/Hub/Editor/2021.3.6f1/Editor/Data/PlaybackEngines/WindowsStandaloneSupport/UnityEditor.WindowsStandalone.Extensions.dll
Registered in 0.019139 seconds.
Native extension for WindowsStandalone target not found
Native extension for WebGL target not found
Refreshing native plugins compatible for Editor in 189.62 ms, found 3 plugins.
Preloading 0 native plugins for Editor in 0.00 ms.
Mono: successfully reloaded assembly
- Completed reload, in  1.411 seconds
Domain Reload Profiling:
	ReloadAssembly (1412ms)
		BeginReloadAssembly (215ms)
			ExecutionOrderSort (0ms)
			DisableScriptedObjects (0ms)
			BackupInstance (0ms)
			ReleaseScriptingObjects (0ms)
			CreateAndSetChildDomain (2ms)
		EndReloadAssembly (949ms)
			LoadAssemblies (210ms)
			RebuildTransferFunctionScriptingTraits (0ms)
			SetupTypeCache (229ms)
			ReleaseScriptCaches (0ms)
			RebuildScriptCaches (58ms)
			SetupLoadedEditorAssemblies (558ms)
				LogAssemblyErrors (0ms)
				InitializePlatformSupportModulesInManaged (21ms)
				SetLoadedEditorAssemblies (0ms)
				RefreshPlugins (190ms)
				BeforeProcessingInitializeOnLoad (2ms)
				ProcessInitializeOnLoadAttributes (253ms)
				ProcessInitializeOnLoadMethodAttributes (92ms)
				AfterProcessingInitializeOnLoad (0ms)
				EditorAssembliesLoaded (0ms)
			ExecutionOrderSort2 (0ms)
			AwakeInstancesAfterBackupRestoration (0ms)
Platform modules already initialized, skipping
Registering precompiled user dll's ...
Registered in 0.015751 seconds.
Begin MonoManager ReloadAssembly
Symbol file LoadedFromMemory doesn't match image C:\virtual_reality_pr\ur6_axis\del\del\Library\PackageCache\com.unity.visualscripting@1.7.8\Editor\VisualScripting.Core\Dependencies\YamlDotNet\Unity.VisualScripting.YamlDotNet.dll
Symbol file LoadedFromMemory doesn't match image C:\virtual_reality_pr\ur6_axis\del\del\Library\PackageCache\com.unity.visualscripting@1.7.8\Editor\VisualScripting.Core\Dependencies\DotNetZip\Unity.VisualScripting.IonicZip.dll
Native extension for WindowsStandalone target not found
Native extension for WebGL target not found
Refreshing native plugins compatible for Editor in 581.82 ms, found 3 plugins.
Preloading 0 native plugins for Editor in 0.00 ms.
Mono: successfully reloaded assembly
- Completed reload, in 11.949 seconds
Domain Reload Profiling:
	ReloadAssembly (11957ms)
		BeginReloadAssembly (258ms)
			ExecutionOrderSort (0ms)
			DisableScriptedObjects (12ms)
			BackupInstance (0ms)
			ReleaseScriptingObjects (0ms)
			CreateAndSetChildDomain (37ms)
		EndReloadAssembly (11445ms)
			LoadAssemblies (227ms)
			RebuildTransferFunctionScriptingTraits (0ms)
			SetupTypeCache (587ms)
			ReleaseScriptCaches (1ms)
			RebuildScriptCaches (133ms)
			SetupLoadedEditorAssemblies (10254ms)
				LogAssemblyErrors (0ms)
				InitializePlatformSupportModulesInManaged (15ms)
				SetLoadedEditorAssemblies (0ms)
				RefreshPlugins (583ms)
				BeforeProcessingInitializeOnLoad (1049ms)
				ProcessInitializeOnLoadAttributes (7533ms)
				ProcessInitializeOnLoadMethodAttributes (998ms)
				AfterProcessingInitializeOnLoad (75ms)
				EditorAssembliesLoaded (1ms)
			ExecutionOrderSort2 (0ms)
			AwakeInstancesAfterBackupRestoration (59ms)
Platform modules already initialized, skipping
========================================================================
Worker process is ready to serve import requests
Launched and connected shader compiler UnityShaderCompiler.exe after 0.56 seconds
Refreshing native plugins compatible for Editor in 5.69 ms, found 3 plugins.
Preloading 0 native plugins for Editor in 0.00 ms.
Unloading 5038 Unused Serialized files (Serialized files now loaded: 0)
Unloading 34 unused Assets / (0.7 MB). Loaded Objects now: 5492.
Memory consumption went from 199.0 MB to 198.3 MB.
Total: 39.033400 ms (FindLiveObjects: 6.546300 ms CreateObjectMapping: 1.478500 ms MarkObjects: 27.823100 ms  DeleteObjects: 3.182900 ms)

AssetImportParameters requested are different than current active one (requested -> active):
  custom:video-decoder-ogg-theora: a1e56fd34408186e4bbccfd4996cb3dc -> 
  custom:container-muxer-webm: aa71ff27fc2769a1b78a27578f13a17b -> 
  custom:container-demuxer-webm: 4f35f7cbe854078d1ac9338744f61a02 -> 
  custom:video-encoder-webm-vp8: eb34c28f22e8b96e1ab97ce403110664 -> 
  custom:audio-encoder-webm-vorbis: bf7c407c2cedff20999df2af8eb42d56 -> 
  custom:framework-win-MediaFoundation: 216162199b28c13a410421893ffa2e32 -> 
  custom:container-demuxer-ogg: 62fdf1f143b41e24485cea50d1cbac27 -> 
  custom:video-decoder-webm-vp8: 9c59270c3fd7afecdb556c50c9e8de78 -> 
  custom:audio-decoder-ogg-vorbis: bf7c407c2cedff20999df2af8eb42d56 -> 
========================================================================
Received Import Request.
  Time since last request: 171693.653951 seconds.
  path: Assets/Nouva Graphics/NouvaGraphicsRED.png
  artifactKey: Guid(991014afe884cf74d8db19daf265be52) Importer(815301076,1909f56bfc062723c751e8b465ee728b)
Start importing Assets/Nouva Graphics/NouvaGraphicsRED.png using Guid(991014afe884cf74d8db19daf265be52) Importer(815301076,1909f56bfc062723c751e8b465ee728b)  -> (artifact id: 'a2d6441d3e1aae50e58862b2f38c6b01') in 1.578484 seconds 
========================================================================
Received Import Request.
  Time since last request: 0.000981 seconds.
  path: Assets/Nouva Graphics/Nouva Graphics RED inverse.png
  artifactKey: Guid(1cc6558aa3f3fa746b0b3e8595e6c07e) Importer(815301076,1909f56bfc062723c751e8b465ee728b)
Start importing Assets/Nouva Graphics/Nouva Graphics RED inverse.png using Guid(1cc6558aa3f3fa746b0b3e8595e6c07e) Importer(815301076,1909f56bfc062723c751e8b465ee728b)  -> (artifact id: 'ce26bdfcd2d24acbd33e922dfb842b27') in 0.098309 seconds 
========================================================================
Received Import Request.
  Time since last request: 0.001604 seconds.
  path: Assets/Nouva Graphics/Nouva Graphics red trying sth new.png
  artifactKey: Guid(b8fe753b28cc609439271906696410cc) Importer(815301076,1909f56bfc062723c751e8b465ee728b)
Start importing Assets/Nouva Graphics/Nouva Graphics red trying sth new.png using Guid(b8fe753b28cc609439271906696410cc) Importer(815301076,1909f56bfc062723c751e8b465ee728b)  -> (artifact id: '0ce6e751648881a88ad7b3eea916527a') in 0.102561 seconds 
========================================================================
Received Import Request.
  Time since last request: 0.004808 seconds.
  path: Assets/Nouva Graphics/Nouva Graphics RED.png
  artifactKey: Guid(43a6f5039f86d784fb3ac7bb69794bf1) Importer(815301076,1909f56bfc062723c751e8b465ee728b)
Start importing Assets/Nouva Graphics/Nouva Graphics RED.png using Guid(43a6f5039f86d784fb3ac7bb69794bf1) Importer(815301076,1909f56bfc062723c751e8b465ee728b)  -> (artifact id: '9a7953a2aa96331f9c3dc2935091431b') in 0.051908 seconds 
========================================================================
Received Import Request.
  Time since last request: 0.004928 seconds.
  path: Assets/Nouva Graphics/Nouva Graphics RED - Copy.png
  artifactKey: Guid(d868a2944003ec74aafcc87728eaf213) Importer(815301076,1909f56bfc062723c751e8b465ee728b)
Start importing Assets/Nouva Graphics/Nouva Graphics RED - Copy.png using Guid(d868a2944003ec74aafcc87728eaf213) Importer(815301076,1909f56bfc062723c751e8b465ee728b)  -> (artifact id: 'c6fceb51c6f7b8db33ffef5250e03f4a') in 0.029074 seconds 
========================================================================
Received Import Request.
  Time since last request: 0.000951 seconds.
  path: Assets/Nouva Graphics/Nouva Graphics.png
  artifactKey: Guid(8c176c02aa4f8e44b834150d3c7d0edc) Importer(815301076,1909f56bfc062723c751e8b465ee728b)
Start importing Assets/Nouva Graphics/Nouva Graphics.png using Guid(8c176c02aa4f8e44b834150d3c7d0edc) Importer(815301076,1909f56bfc062723c751e8b465ee728b)  -> (artifact id: '8f47e0750835cd13c833d54a1ca3a24b') in 0.103948 seconds 
========================================================================
Received Import Request.
  Time since last request: 18.543636 seconds.
  path: Assets/Nouva Graphics/Nouva Graphics no BG.png
  artifactKey: Guid(796b2383085367d4c8a364e489795f42) Importer(815301076,1909f56bfc062723c751e8b465ee728b)
Start importing Assets/Nouva Graphics/Nouva Graphics no BG.png using Guid(796b2383085367d4c8a364e489795f42) Importer(815301076,1909f56bfc062723c751e8b465ee728b)  -> (artifact id: '09e68bb6e1e8c7edac87cbd57d76a655') in 0.051022 seconds 
========================================================================
Received Prepare
Registering precompiled user dll's ...
Registered in 0.016418 seconds.
Begin MonoManager ReloadAssembly
Symbol file LoadedFromMemory doesn't match image C:\virtual_reality_pr\ur6_axis\del\del\Library\PackageCache\com.unity.visualscripting@1.7.8\Editor\VisualScripting.Core\Dependencies\YamlDotNet\Unity.VisualScripting.YamlDotNet.dll
Symbol file LoadedFromMemory doesn't match image C:\virtual_reality_pr\ur6_axis\del\del\Library\PackageCache\com.unity.visualscripting@1.7.8\Editor\VisualScripting.Core\Dependencies\DotNetZip\Unity.VisualScripting.IonicZip.dll
Native extension for WindowsStandalone target not found
Native extension for WebGL target not found
Refreshing native plugins compatible for Editor in 1.76 ms, found 3 plugins.
Preloading 0 native plugins for Editor in 0.00 ms.
Mono: successfully reloaded assembly
- Completed reload, in  6.004 seconds
Domain Reload Profiling:
	ReloadAssembly (6006ms)
		BeginReloadAssembly (1082ms)
			ExecutionOrderSort (0ms)
			DisableScriptedObjects (18ms)
			BackupInstance (0ms)
			ReleaseScriptingObjects (0ms)
			CreateAndSetChildDomain (100ms)
		EndReloadAssembly (3818ms)
			LoadAssemblies (979ms)
			RebuildTransferFunctionScriptingTraits (0ms)
			SetupTypeCache (1230ms)
			ReleaseScriptCaches (4ms)
			RebuildScriptCaches (212ms)
			SetupLoadedEditorAssemblies (1782ms)
				LogAssemblyErrors (0ms)
				InitializePlatformSupportModulesInManaged (167ms)
				SetLoadedEditorAssemblies (2ms)
				RefreshPlugins (2ms)
				BeforeProcessingInitializeOnLoad (463ms)
				ProcessInitializeOnLoadAttributes (652ms)
				ProcessInitializeOnLoadMethodAttributes (471ms)
				AfterProcessingInitializeOnLoad (24ms)
				EditorAssembliesLoaded (0ms)
			ExecutionOrderSort2 (0ms)
			AwakeInstancesAfterBackupRestoration (41ms)
Platform modules already initialized, skipping
Refreshing native plugins compatible for Editor in 8.51 ms, found 3 plugins.
Preloading 0 native plugins for Editor in 0.00 ms.
Unloading 4902 Unused Serialized files (Serialized files now loaded: 0)
Unloading 27 unused Assets / (0.7 MB). Loaded Objects now: 5498.
Memory consumption went from 189.5 MB to 188.8 MB.
Total: 13.001800 ms (FindLiveObjects: 1.068000 ms CreateObjectMapping: 0.624900 ms MarkObjects: 10.216300 ms  DeleteObjects: 1.090100 ms)

AssetImportParameters requested are different than current active one (requested -> active):
  custom:video-decoder-ogg-theora: a1e56fd34408186e4bbccfd4996cb3dc -> 
  custom:container-muxer-webm: aa71ff27fc2769a1b78a27578f13a17b -> 
  custom:container-demuxer-webm: 4f35f7cbe854078d1ac9338744f61a02 -> 
  custom:video-encoder-webm-vp8: eb34c28f22e8b96e1ab97ce403110664 -> 
  custom:audio-encoder-webm-vorbis: bf7c407c2cedff20999df2af8eb42d56 -> 
  custom:framework-win-MediaFoundation: 216162199b28c13a410421893ffa2e32 -> 
  custom:container-demuxer-ogg: 62fdf1f143b41e24485cea50d1cbac27 -> 
  custom:video-decoder-webm-vp8: 9c59270c3fd7afecdb556c50c9e8de78 -> 
  custom:audio-decoder-ogg-vorbis: bf7c407c2cedff20999df2af8eb42d56 -> 
========================================================================
Received Prepare
Refreshing native plugins compatible for Editor in 15.12 ms, found 3 plugins.
Preloading 0 native plugins for Editor in 0.00 ms.
Unloading 27 Unused Serialized files (Serialized files now loaded: 0)
Unloading 27 unused Assets / (0.7 MB). Loaded Objects now: 5498.
Memory consumption went from 91.9 MB to 91.2 MB.
Total: 23.492800 ms (FindLiveObjects: 1.076800 ms CreateObjectMapping: 1.849000 ms MarkObjects: 19.957300 ms  DeleteObjects: 0.607600 ms)

AssetImportParameters requested are different than current active one (requested -> active):
  custom:video-decoder-ogg-theora: a1e56fd34408186e4bbccfd4996cb3dc -> 
  custom:container-muxer-webm: aa71ff27fc2769a1b78a27578f13a17b -> 
  custom:container-demuxer-webm: 4f35f7cbe854078d1ac9338744f61a02 -> 
  custom:video-encoder-webm-vp8: eb34c28f22e8b96e1ab97ce403110664 -> 
  custom:audio-encoder-webm-vorbis: bf7c407c2cedff20999df2af8eb42d56 -> 
  custom:framework-win-MediaFoundation: 216162199b28c13a410421893ffa2e32 -> 
  custom:container-demuxer-ogg: 62fdf1f143b41e24485cea50d1cbac27 -> 
  custom:video-decoder-webm-vp8: 9c59270c3fd7afecdb556c50c9e8de78 -> 
  custom:audio-decoder-ogg-vorbis: bf7c407c2cedff20999df2af8eb42d56 -> 
